2014/10/19 14:54:26 [error] [system.db.CDbCommand] Error in preparing SQL: CREATE TABLE 'tbl_user' (
	"id" integer PRIMARY KEY AUTOINCREMENT NOT NULL,
	"name" varchar(255) NOT NULL,
	"login" varchar(255) NOT NULL,
	"password" varchar(255) NOT NULL
)
2014/10/19 14:54:26 [error] [system.db.CDbCommand] CDbCommand::execute() failed: CDbCommand failed to prepare the SQL statement: SQLSTATE[HY000]: General error: 1 table 'tbl_user' already exists. The SQL statement executed was: CREATE TABLE 'tbl_user' (
	"id" integer PRIMARY KEY AUTOINCREMENT NOT NULL,
	"name" varchar(255) NOT NULL,
	"login" varchar(255) NOT NULL,
	"password" varchar(255) NOT NULL
).
2014/10/19 14:54:26 [error] [exception.CDbException] exception 'CDbException' with message 'CDbCommand failed to execute the SQL statement: CDbCommand failed to prepare the SQL statement: SQLSTATE[HY000]: General error: 1 table 'tbl_user' already exists. The SQL statement executed was: CREATE TABLE 'tbl_user' (
	"id" integer PRIMARY KEY AUTOINCREMENT NOT NULL,
	"name" varchar(255) NOT NULL,
	"login" varchar(255) NOT NULL,
	"password" varchar(255) NOT NULL
)' in /var/www/kanban/www/framework/db/CDbCommand.php:358
Stack trace:
#0 /var/www/kanban/www/framework/db/CDbCommand.php(1324): CDbCommand->execute()
#1 /var/www/kanban/www/framework/db/CDbMigration.php(233): CDbCommand->createTable('tbl_user', Array, NULL)
#2 /var/www/kanban/www/protected/migrations/m141018_121129_core.php(12): CDbMigration->createTable('tbl_user', Array)
#3 /var/www/kanban/www/framework/cli/commands/MigrateCommand.php(385): m141018_121129_core->up()
#4 /var/www/kanban/www/framework/cli/commands/MigrateCommand.php(109): MigrateCommand->migrateUp('m141018_121129_...')
#5 [internal function]: MigrateCommand->actionUp(Array)
#6 /var/www/kanban/www/framework/console/CConsoleCommand.php(172): ReflectionMethod->invokeArgs(Object(MigrateCommand), Array)
#7 /var/www/kanban/www/framework/console/CConsoleCommandRunner.php(71): CConsoleCommand->run(Array)
#8 /var/www/kanban/www/framework/console/CConsoleApplication.php(92): CConsoleCommandRunner->run(Array)
#9 /var/www/kanban/www/framework/base/CApplication.php(180): CConsoleApplication->processRequest()
#10 /var/www/kanban/www/framework/yiic.php(33): CApplication->run()
#11 /var/www/kanban/www/protected/yiic.php(7): require_once('/var/www/kanban...')
#12 /var/www/kanban/www/protected/yiic(4): require_once('/var/www/kanban...')
#13 {main}
---
2014/10/19 14:54:34 [error] [system.db.CDbCommand] Error in preparing SQL: CREATE TABLE 'tbl_user' (
	"id" integer PRIMARY KEY AUTOINCREMENT NOT NULL,
	"name" varchar(255) NOT NULL,
	"login" varchar(255) NOT NULL,
	"password" varchar(255) NOT NULL
)
2014/10/19 14:54:34 [error] [system.db.CDbCommand] CDbCommand::execute() failed: CDbCommand failed to prepare the SQL statement: SQLSTATE[HY000]: General error: 1 table 'tbl_user' already exists. The SQL statement executed was: CREATE TABLE 'tbl_user' (
	"id" integer PRIMARY KEY AUTOINCREMENT NOT NULL,
	"name" varchar(255) NOT NULL,
	"login" varchar(255) NOT NULL,
	"password" varchar(255) NOT NULL
).
2014/10/19 14:54:34 [error] [exception.CDbException] exception 'CDbException' with message 'CDbCommand failed to execute the SQL statement: CDbCommand failed to prepare the SQL statement: SQLSTATE[HY000]: General error: 1 table 'tbl_user' already exists. The SQL statement executed was: CREATE TABLE 'tbl_user' (
	"id" integer PRIMARY KEY AUTOINCREMENT NOT NULL,
	"name" varchar(255) NOT NULL,
	"login" varchar(255) NOT NULL,
	"password" varchar(255) NOT NULL
)' in /var/www/kanban/www/framework/db/CDbCommand.php:358
Stack trace:
#0 /var/www/kanban/www/framework/db/CDbCommand.php(1324): CDbCommand->execute()
#1 /var/www/kanban/www/framework/db/CDbMigration.php(233): CDbCommand->createTable('tbl_user', Array, NULL)
#2 /var/www/kanban/www/protected/migrations/m141018_121129_core.php(12): CDbMigration->createTable('tbl_user', Array)
#3 /var/www/kanban/www/framework/cli/commands/MigrateCommand.php(385): m141018_121129_core->up()
#4 /var/www/kanban/www/framework/cli/commands/MigrateCommand.php(109): MigrateCommand->migrateUp('m141018_121129_...')
#5 [internal function]: MigrateCommand->actionUp(Array)
#6 /var/www/kanban/www/framework/console/CConsoleCommand.php(172): ReflectionMethod->invokeArgs(Object(MigrateCommand), Array)
#7 /var/www/kanban/www/framework/console/CConsoleCommandRunner.php(71): CConsoleCommand->run(Array)
#8 /var/www/kanban/www/framework/console/CConsoleApplication.php(92): CConsoleCommandRunner->run(Array)
#9 /var/www/kanban/www/framework/base/CApplication.php(180): CConsoleApplication->processRequest()
#10 /var/www/kanban/www/framework/yiic.php(33): CApplication->run()
#11 /var/www/kanban/www/protected/yiic.php(7): require_once('/var/www/kanban...')
#12 /var/www/kanban/www/protected/yiic(4): require_once('/var/www/kanban...')
#13 {main}
---
2014/10/19 14:56:21 [error] [system.db.CDbCommand] Error in preparing SQL: CREATE TABLE 'tbl_user' (
	"id" integer PRIMARY KEY AUTOINCREMENT NOT NULL,
	"name" varchar(255) NOT NULL,
	"login" varchar(255) NOT NULL,
	"password" varchar(255) NOT NULL
)
2014/10/19 14:56:21 [error] [system.db.CDbCommand] CDbCommand::execute() failed: CDbCommand failed to prepare the SQL statement: SQLSTATE[HY000]: General error: 1 table 'tbl_user' already exists. The SQL statement executed was: CREATE TABLE 'tbl_user' (
	"id" integer PRIMARY KEY AUTOINCREMENT NOT NULL,
	"name" varchar(255) NOT NULL,
	"login" varchar(255) NOT NULL,
	"password" varchar(255) NOT NULL
).
2014/10/19 14:56:21 [error] [exception.CDbException] exception 'CDbException' with message 'CDbCommand failed to execute the SQL statement: CDbCommand failed to prepare the SQL statement: SQLSTATE[HY000]: General error: 1 table 'tbl_user' already exists. The SQL statement executed was: CREATE TABLE 'tbl_user' (
	"id" integer PRIMARY KEY AUTOINCREMENT NOT NULL,
	"name" varchar(255) NOT NULL,
	"login" varchar(255) NOT NULL,
	"password" varchar(255) NOT NULL
)' in /var/www/kanban/www/framework/db/CDbCommand.php:358
Stack trace:
#0 /var/www/kanban/www/framework/db/CDbCommand.php(1324): CDbCommand->execute()
#1 /var/www/kanban/www/framework/db/CDbMigration.php(233): CDbCommand->createTable('tbl_user', Array, NULL)
#2 /var/www/kanban/www/protected/migrations/m141018_121129_core.php(12): CDbMigration->createTable('tbl_user', Array)
#3 /var/www/kanban/www/framework/cli/commands/MigrateCommand.php(385): m141018_121129_core->up()
#4 /var/www/kanban/www/framework/cli/commands/MigrateCommand.php(109): MigrateCommand->migrateUp('m141018_121129_...')
#5 [internal function]: MigrateCommand->actionUp(Array)
#6 /var/www/kanban/www/framework/console/CConsoleCommand.php(172): ReflectionMethod->invokeArgs(Object(MigrateCommand), Array)
#7 /var/www/kanban/www/framework/console/CConsoleCommandRunner.php(71): CConsoleCommand->run(Array)
#8 /var/www/kanban/www/framework/console/CConsoleApplication.php(92): CConsoleCommandRunner->run(Array)
#9 /var/www/kanban/www/framework/base/CApplication.php(180): CConsoleApplication->processRequest()
#10 /var/www/kanban/www/framework/yiic.php(33): CApplication->run()
#11 /var/www/kanban/www/protected/yiic.php(7): require_once('/var/www/kanban...')
#12 /var/www/kanban/www/protected/yiic(4): require_once('/var/www/kanban...')
#13 {main}
---
2014/10/19 14:57:15 [error] [system.db.CDbCommand] Error in preparing SQL: CREATE TABLE 'tbl_user' (
	"id" integer PRIMARY KEY AUTOINCREMENT NOT NULL,
	"name" varchar(255) NOT NULL,
	"login" varchar(255) NOT NULL,
	"password" varchar(255) NOT NULL
)
2014/10/19 14:57:15 [error] [system.db.CDbCommand] CDbCommand::execute() failed: CDbCommand failed to prepare the SQL statement: SQLSTATE[HY000]: General error: 1 table 'tbl_user' already exists. The SQL statement executed was: CREATE TABLE 'tbl_user' (
	"id" integer PRIMARY KEY AUTOINCREMENT NOT NULL,
	"name" varchar(255) NOT NULL,
	"login" varchar(255) NOT NULL,
	"password" varchar(255) NOT NULL
).
2014/10/19 14:57:15 [error] [exception.CDbException] exception 'CDbException' with message 'CDbCommand failed to execute the SQL statement: CDbCommand failed to prepare the SQL statement: SQLSTATE[HY000]: General error: 1 table 'tbl_user' already exists. The SQL statement executed was: CREATE TABLE 'tbl_user' (
	"id" integer PRIMARY KEY AUTOINCREMENT NOT NULL,
	"name" varchar(255) NOT NULL,
	"login" varchar(255) NOT NULL,
	"password" varchar(255) NOT NULL
)' in /var/www/kanban/www/framework/db/CDbCommand.php:358
Stack trace:
#0 /var/www/kanban/www/framework/db/CDbCommand.php(1324): CDbCommand->execute()
#1 /var/www/kanban/www/framework/db/CDbMigration.php(233): CDbCommand->createTable('tbl_user', Array, NULL)
#2 /var/www/kanban/www/protected/migrations/m141018_121129_core.php(12): CDbMigration->createTable('tbl_user', Array)
#3 /var/www/kanban/www/framework/cli/commands/MigrateCommand.php(385): m141018_121129_core->up()
#4 /var/www/kanban/www/framework/cli/commands/MigrateCommand.php(109): MigrateCommand->migrateUp('m141018_121129_...')
#5 [internal function]: MigrateCommand->actionUp(Array)
#6 /var/www/kanban/www/framework/console/CConsoleCommand.php(172): ReflectionMethod->invokeArgs(Object(MigrateCommand), Array)
#7 /var/www/kanban/www/framework/console/CConsoleCommandRunner.php(71): CConsoleCommand->run(Array)
#8 /var/www/kanban/www/framework/console/CConsoleApplication.php(92): CConsoleCommandRunner->run(Array)
#9 /var/www/kanban/www/framework/base/CApplication.php(180): CConsoleApplication->processRequest()
#10 /var/www/kanban/www/framework/yiic.php(33): CApplication->run()
#11 /var/www/kanban/www/protected/yiic.php(7): require_once('/var/www/kanban...')
#12 /var/www/kanban/www/protected/yiic(4): require_once('/var/www/kanban...')
#13 {main}
---
2014/10/19 14:57:58 [error] [system.db.CDbCommand] CDbCommand::fetchAll() failed: SQLSTATE[42S02]: Base table or view not found: 1146 Table 'test.tbl_migration' doesn't exist. The SQL statement executed was: SHOW FULL COLUMNS FROM `tbl_migration`.
2014/10/19 14:58:01 [error] [php] include(User.php): failed to open stream: No such file or directory (/var/www/kanban/www/framework/YiiBase.php:427)
Stack trace:
#0 /var/www/kanban/www/protected/migrations/m141018_121129_core.php(18): spl_autoload_call()
#1 /var/www/kanban/www/framework/cli/commands/MigrateCommand.php(385): m141018_121129_core->up()
#2 /var/www/kanban/www/framework/cli/commands/MigrateCommand.php(109): MigrateCommand->migrateUp()
#3 unknown(0): MigrateCommand->actionUp()
#4 /var/www/kanban/www/framework/console/CConsoleCommand.php(172): ReflectionMethod->invokeArgs()
#5 /var/www/kanban/www/framework/console/CConsoleCommandRunner.php(71): MigrateCommand->run()
#6 /var/www/kanban/www/framework/console/CConsoleApplication.php(92): CConsoleCommandRunner->run()
#7 /var/www/kanban/www/framework/base/CApplication.php(180): CConsoleApplication->processRequest()
#8 /var/www/kanban/www/framework/yiic.php(33): CConsoleApplication->run()
#9 /var/www/kanban/www/protected/yiic.php(7): require_once()
#10 /var/www/kanban/www/protected/yiic(4): require_once()

2014/10/19 14:59:47 [error] [system.db.CDbCommand] CDbCommand::execute() failed: SQLSTATE[42S01]: Base table or view already exists: 1050 Table 'tbl_user' already exists. The SQL statement executed was: CREATE TABLE `tbl_user` (
	`id` int(11) NOT NULL AUTO_INCREMENT PRIMARY KEY,
	`name` varchar(255) NOT NULL,
	`login` varchar(255) NOT NULL,
	`password` varchar(255) NOT NULL
).
2014/10/19 14:59:47 [error] [exception.CDbException] exception 'CDbException' with message 'CDbCommand failed to execute the SQL statement: SQLSTATE[42S01]: Base table or view already exists: 1050 Table 'tbl_user' already exists. The SQL statement executed was: CREATE TABLE `tbl_user` (
	`id` int(11) NOT NULL AUTO_INCREMENT PRIMARY KEY,
	`name` varchar(255) NOT NULL,
	`login` varchar(255) NOT NULL,
	`password` varchar(255) NOT NULL
)' in /var/www/kanban/www/framework/db/CDbCommand.php:358
Stack trace:
#0 /var/www/kanban/www/framework/db/CDbCommand.php(1324): CDbCommand->execute()
#1 /var/www/kanban/www/framework/db/CDbMigration.php(233): CDbCommand->createTable('tbl_user', Array, NULL)
#2 /var/www/kanban/www/protected/migrations/m141018_121129_core.php(12): CDbMigration->createTable('tbl_user', Array)
#3 /var/www/kanban/www/framework/cli/commands/MigrateCommand.php(385): m141018_121129_core->up()
#4 /var/www/kanban/www/framework/cli/commands/MigrateCommand.php(109): MigrateCommand->migrateUp('m141018_121129_...')
#5 [internal function]: MigrateCommand->actionUp(Array)
#6 /var/www/kanban/www/framework/console/CConsoleCommand.php(172): ReflectionMethod->invokeArgs(Object(MigrateCommand), Array)
#7 /var/www/kanban/www/framework/console/CConsoleCommandRunner.php(71): CConsoleCommand->run(Array)
#8 /var/www/kanban/www/framework/console/CConsoleApplication.php(92): CConsoleCommandRunner->run(Array)
#9 /var/www/kanban/www/framework/base/CApplication.php(180): CConsoleApplication->processRequest()
#10 /var/www/kanban/www/framework/yiic.php(33): CApplication->run()
#11 /var/www/kanban/www/protected/yiic.php(7): require_once('/var/www/kanban...')
#12 /var/www/kanban/www/protected/yiic(4): require_once('/var/www/kanban...')
#13 {main}
---
2014/10/19 15:00:12 [error] [system.db.CDbCommand] CDbCommand::fetchAll() failed: SQLSTATE[42S02]: Base table or view not found: 1146 Table 'test.tbl_migration' doesn't exist. The SQL statement executed was: SHOW FULL COLUMNS FROM `tbl_migration`.
2014/10/19 15:00:15 [error] [php] include(User.php): failed to open stream: No such file or directory (/var/www/kanban/www/framework/YiiBase.php:427)
Stack trace:
#0 /var/www/kanban/www/protected/migrations/m141018_121129_core.php(18): spl_autoload_call()
#1 /var/www/kanban/www/framework/cli/commands/MigrateCommand.php(385): m141018_121129_core->up()
#2 /var/www/kanban/www/framework/cli/commands/MigrateCommand.php(109): MigrateCommand->migrateUp()
#3 unknown(0): MigrateCommand->actionUp()
#4 /var/www/kanban/www/framework/console/CConsoleCommand.php(172): ReflectionMethod->invokeArgs()
#5 /var/www/kanban/www/framework/console/CConsoleCommandRunner.php(71): MigrateCommand->run()
#6 /var/www/kanban/www/framework/console/CConsoleApplication.php(92): CConsoleCommandRunner->run()
#7 /var/www/kanban/www/framework/base/CApplication.php(180): CConsoleApplication->processRequest()
#8 /var/www/kanban/www/framework/yiic.php(33): CConsoleApplication->run()
#9 /var/www/kanban/www/protected/yiic.php(7): require_once()
#10 /var/www/kanban/www/protected/yiic(4): require_once()

2014/10/19 15:01:26 [error] [system.db.CDbCommand] CDbCommand::fetchAll() failed: SQLSTATE[42S02]: Base table or view not found: 1146 Table 'test.tbl_migration' doesn't exist. The SQL statement executed was: SHOW FULL COLUMNS FROM `tbl_migration`.
2014/10/19 15:06:39 [error] [system.db.CDbCommand] CDbCommand::fetchAll() failed: SQLSTATE[42S02]: Base table or view not found: 1146 Table 'test.user' doesn't exist. The SQL statement executed was: SHOW FULL COLUMNS FROM `user`.
in /var/www/kanban/www/index.php (13)
2014/10/19 15:06:43 [error] [system.db.CDbCommand] CDbCommand::fetchAll() failed: SQLSTATE[42S02]: Base table or view not found: 1146 Table 'test.user' doesn't exist. The SQL statement executed was: SHOW FULL COLUMNS FROM `user`.
in /var/www/kanban/www/index.php (13)
2014/10/19 15:06:46 [error] [system.db.CDbCommand] CDbCommand::fetchAll() failed: SQLSTATE[42S02]: Base table or view not found: 1146 Table 'test.user' doesn't exist. The SQL statement executed was: SHOW FULL COLUMNS FROM `user`.
in /var/www/kanban/www/index.php (13)
2014/10/19 15:06:49 [error] [system.db.CDbCommand] CDbCommand::fetchAll() failed: SQLSTATE[42S02]: Base table or view not found: 1146 Table 'test.user' doesn't exist. The SQL statement executed was: SHOW FULL COLUMNS FROM `user`.
in /var/www/kanban/www/index.php (13)
2014/10/22 23:45:28 [error] [exception.CDbException] exception 'CDbException' with message 'Невозможно добавить запись active record в базу данных из-за того, что она не новая.' in /var/www/kanban/www/framework/db/ar/CActiveRecord.php:1070
Stack trace:
#0 /var/www/kanban/www/protected/models/Project.php(127): CActiveRecord->insert(Array)
#1 /var/www/kanban/www/protected/models/Project.php(106): Project->addDefaultTaskCategory()
#2 /var/www/kanban/www/framework/db/ar/CActiveRecord.php(1097): Project->afterSave()
#3 /var/www/kanban/www/framework/db/ar/CActiveRecord.php(806): CActiveRecord->insert(NULL)
#4 /var/www/kanban/www/protected/controllers/ProjectController.php(73): CActiveRecord->save()
#5 /var/www/kanban/www/framework/web/actions/CInlineAction.php(49): ProjectController->actionCreate()
#6 /var/www/kanban/www/framework/web/CController.php(308): CInlineAction->runWithParams(Array)
#7 /var/www/kanban/www/framework/web/filters/CFilterChain.php(133): CController->runAction(Object(CInlineAction))
#8 /var/www/kanban/www/framework/web/filters/CFilter.php(40): CFilterChain->run()
#9 /var/www/kanban/www/framework/web/CController.php(1145): CFilter->filter(Object(CFilterChain))
#10 /var/www/kanban/www/framework/web/filters/CInlineFilter.php(58): CController->filterAccessControl(Object(CFilterChain))
#11 /var/www/kanban/www/framework/web/filters/CFilterChain.php(130): CInlineFilter->filter(Object(CFilterChain))
#12 /var/www/kanban/www/framework/web/CController.php(291): CFilterChain->run()
#13 /var/www/kanban/www/framework/web/CController.php(265): CController->runActionWithFilters(Object(CInlineAction), Array)
#14 /var/www/kanban/www/framework/web/CWebApplication.php(282): CController->run('create')
#15 /var/www/kanban/www/framework/web/CWebApplication.php(141): CWebApplication->runController('project/create')
#16 /var/www/kanban/www/framework/base/CApplication.php(180): CWebApplication->processRequest()
#17 /var/www/kanban/www/index.php(13): CApplication->run()
#18 {main}
REQUEST_URI=/index.php?r=project/create
HTTP_REFERER=http://kanban/index.php?r=project/create
---
2014/10/24 20:57:44 [error] [php] Illegal offset type in isset or empty (/var/www/kanban/www/framework/i18n/CMessageSource.php:104)
Stack trace:
#0 /var/www/kanban/www/protected/views/project/view.php(34): t()
#1 /var/www/kanban/www/framework/web/CBaseController.php(126): require()
#2 /var/www/kanban/www/framework/web/CBaseController.php(95): ProjectController->renderInternal()
#3 /var/www/kanban/www/framework/web/CController.php(869): ProjectController->renderFile()
#4 /var/www/kanban/www/framework/web/CController.php(782): ProjectController->renderPartial()
#5 /var/www/kanban/www/protected/controllers/ProjectController.php(56): ProjectController->render()
#6 unknown(0): ProjectController->actionView()
#7 /var/www/kanban/www/framework/web/actions/CAction.php(108): ReflectionMethod->invokeArgs()
#8 /var/www/kanban/www/framework/web/actions/CInlineAction.php(47): CInlineAction->runWithParamsInternal()
#9 /var/www/kanban/www/framework/web/CController.php(308): CInlineAction->runWithParams()
#10 /var/www/kanban/www/framework/web/filters/CFilterChain.php(133): ProjectController->runAction()
#11 /var/www/kanban/www/framework/web/filters/CFilter.php(40): CFilterChain->run()
#12 /var/www/kanban/www/framework/web/CController.php(1145): CAccessControlFilter->filter()
#13 /var/www/kanban/www/framework/web/filters/CInlineFilter.php(58): ProjectController->filterAccessControl()
#14 /var/www/kanban/www/framework/web/filters/CFilterChain.php(130): CInlineFilter->filter()
#15 /var/www/kanban/www/framework/web/CController.php(291): CFilterChain->run()
#16 /var/www/kanban/www/framework/web/CController.php(265): ProjectController->runActionWithFilters()
#17 /var/www/kanban/www/framework/web/CWebApplication.php(282): ProjectController->run()
#18 /var/www/kanban/www/framework/web/CWebApplication.php(141): CWebApplication->runController()
#19 /var/www/kanban/www/framework/base/CApplication.php(180): CWebApplication->processRequest()
#20 /var/www/kanban/www/index.php(13): CWebApplication->run()
REQUEST_URI=/index.php?r=project/view&id=4
in /var/www/kanban/www/protected/views/project/view.php (34)
in /var/www/kanban/www/protected/controllers/ProjectController.php (56)
in /var/www/kanban/www/index.php (13)
2014/10/24 20:58:15 [error] [php] Illegal offset type in isset or empty (/var/www/kanban/www/framework/i18n/CMessageSource.php:104)
Stack trace:
#0 /var/www/kanban/www/protected/views/project/view.php(34): t()
#1 /var/www/kanban/www/framework/web/CBaseController.php(126): require()
#2 /var/www/kanban/www/framework/web/CBaseController.php(95): ProjectController->renderInternal()
#3 /var/www/kanban/www/framework/web/CController.php(869): ProjectController->renderFile()
#4 /var/www/kanban/www/framework/web/CController.php(782): ProjectController->renderPartial()
#5 /var/www/kanban/www/protected/controllers/ProjectController.php(56): ProjectController->render()
#6 unknown(0): ProjectController->actionView()
#7 /var/www/kanban/www/framework/web/actions/CAction.php(108): ReflectionMethod->invokeArgs()
#8 /var/www/kanban/www/framework/web/actions/CInlineAction.php(47): CInlineAction->runWithParamsInternal()
#9 /var/www/kanban/www/framework/web/CController.php(308): CInlineAction->runWithParams()
#10 /var/www/kanban/www/framework/web/filters/CFilterChain.php(133): ProjectController->runAction()
#11 /var/www/kanban/www/framework/web/filters/CFilter.php(40): CFilterChain->run()
#12 /var/www/kanban/www/framework/web/CController.php(1145): CAccessControlFilter->filter()
#13 /var/www/kanban/www/framework/web/filters/CInlineFilter.php(58): ProjectController->filterAccessControl()
#14 /var/www/kanban/www/framework/web/filters/CFilterChain.php(130): CInlineFilter->filter()
#15 /var/www/kanban/www/framework/web/CController.php(291): CFilterChain->run()
#16 /var/www/kanban/www/framework/web/CController.php(265): ProjectController->runActionWithFilters()
#17 /var/www/kanban/www/framework/web/CWebApplication.php(282): ProjectController->run()
#18 /var/www/kanban/www/framework/web/CWebApplication.php(141): CWebApplication->runController()
#19 /var/www/kanban/www/framework/base/CApplication.php(180): CWebApplication->processRequest()
#20 /var/www/kanban/www/index.php(13): CWebApplication->run()
REQUEST_URI=/index.php?r=project/view&id=4
in /var/www/kanban/www/protected/views/project/view.php (34)
in /var/www/kanban/www/protected/controllers/ProjectController.php (56)
in /var/www/kanban/www/index.php (13)
2014/10/24 20:58:36 [error] [php] Illegal offset type in isset or empty (/var/www/kanban/www/framework/base/CModule.php:377)
Stack trace:
#0 /var/www/kanban/www/framework/web/CBaseController.php(126): require()
#1 /var/www/kanban/www/framework/web/CBaseController.php(95): ProjectController->renderInternal()
#2 /var/www/kanban/www/framework/web/CController.php(869): ProjectController->renderFile()
#3 /var/www/kanban/www/framework/web/CController.php(782): ProjectController->renderPartial()
#4 /var/www/kanban/www/protected/controllers/ProjectController.php(56): ProjectController->render()
#5 unknown(0): ProjectController->actionView()
#6 /var/www/kanban/www/framework/web/actions/CAction.php(108): ReflectionMethod->invokeArgs()
#7 /var/www/kanban/www/framework/web/actions/CInlineAction.php(47): CInlineAction->runWithParamsInternal()
#8 /var/www/kanban/www/framework/web/CController.php(308): CInlineAction->runWithParams()
#9 /var/www/kanban/www/framework/web/filters/CFilterChain.php(133): ProjectController->runAction()
#10 /var/www/kanban/www/framework/web/filters/CFilter.php(40): CFilterChain->run()
#11 /var/www/kanban/www/framework/web/CController.php(1145): CAccessControlFilter->filter()
#12 /var/www/kanban/www/framework/web/filters/CInlineFilter.php(58): ProjectController->filterAccessControl()
#13 /var/www/kanban/www/framework/web/filters/CFilterChain.php(130): CInlineFilter->filter()
#14 /var/www/kanban/www/framework/web/CController.php(291): CFilterChain->run()
#15 /var/www/kanban/www/framework/web/CController.php(265): ProjectController->runActionWithFilters()
#16 /var/www/kanban/www/framework/web/CWebApplication.php(282): ProjectController->run()
#17 /var/www/kanban/www/framework/web/CWebApplication.php(141): CWebApplication->runController()
#18 /var/www/kanban/www/framework/base/CApplication.php(180): CWebApplication->processRequest()
#19 /var/www/kanban/www/index.php(13): CWebApplication->run()
REQUEST_URI=/index.php?r=project/view&id=4
in /var/www/kanban/www/protected/views/project/view.php (34)
in /var/www/kanban/www/protected/controllers/ProjectController.php (56)
in /var/www/kanban/www/index.php (13)
2014/10/24 21:28:49 [error] [exception.CHttpException.404] exception 'CHttpException' with message 'Системе не удалось найти запрашиваемое действие "add".' in /var/www/kanban/www/framework/web/CController.php:483
Stack trace:
#0 /var/www/kanban/www/framework/web/CController.php(270): CController->missingAction('add')
#1 /var/www/kanban/www/framework/web/CWebApplication.php(282): CController->run('add')
#2 /var/www/kanban/www/framework/web/CWebApplication.php(141): CWebApplication->runController('task/add')
#3 /var/www/kanban/www/framework/base/CApplication.php(180): CWebApplication->processRequest()
#4 /var/www/kanban/www/index.php(13): CApplication->run()
#5 {main}
REQUEST_URI=/index.php?r=task/add
HTTP_REFERER=http://kanban/index.php?r=project/view&id=4
---
2014/10/24 21:58:36 [error] [exception.CHttpException.400] exception 'CHttpException' with message 'Некорректный запрос.' in /var/www/kanban/www/framework/web/CController.php:1118
Stack trace:
#0 /var/www/kanban/www/framework/web/filters/CInlineFilter.php(58): CController->filterPostOnly(Object(CFilterChain))
#1 /var/www/kanban/www/framework/web/filters/CFilterChain.php(130): CInlineFilter->filter(Object(CFilterChain))
#2 /var/www/kanban/www/framework/web/filters/CFilter.php(40): CFilterChain->run()
#3 /var/www/kanban/www/framework/web/CController.php(1145): CFilter->filter(Object(CFilterChain))
#4 /var/www/kanban/www/framework/web/filters/CInlineFilter.php(58): CController->filterAccessControl(Object(CFilterChain))
#5 /var/www/kanban/www/framework/web/filters/CFilterChain.php(130): CInlineFilter->filter(Object(CFilterChain))
#6 /var/www/kanban/www/framework/web/CController.php(291): CFilterChain->run()
#7 /var/www/kanban/www/framework/web/CController.php(265): CController->runActionWithFilters(Object(CInlineAction), Array)
#8 /var/www/kanban/www/framework/web/CWebApplication.php(282): CController->run('delete')
#9 /var/www/kanban/www/framework/web/CWebApplication.php(141): CWebApplication->runController('task/delete')
#10 /var/www/kanban/www/framework/base/CApplication.php(180): CWebApplication->processRequest()
#11 /var/www/kanban/www/index.php(13): CApplication->run()
#12 {main}
REQUEST_URI=/index.php?r=task/delete&id=1
HTTP_REFERER=http://kanban/index.php?r=project/view&id=4
---
2014/10/24 22:00:08 [error] [exception.CHttpException.400] exception 'CHttpException' with message 'Некорректный запрос.' in /var/www/kanban/www/framework/web/CController.php:1118
Stack trace:
#0 /var/www/kanban/www/framework/web/filters/CInlineFilter.php(58): CController->filterPostOnly(Object(CFilterChain))
#1 /var/www/kanban/www/framework/web/filters/CFilterChain.php(130): CInlineFilter->filter(Object(CFilterChain))
#2 /var/www/kanban/www/framework/web/filters/CFilter.php(40): CFilterChain->run()
#3 /var/www/kanban/www/framework/web/CController.php(1145): CFilter->filter(Object(CFilterChain))
#4 /var/www/kanban/www/framework/web/filters/CInlineFilter.php(58): CController->filterAccessControl(Object(CFilterChain))
#5 /var/www/kanban/www/framework/web/filters/CFilterChain.php(130): CInlineFilter->filter(Object(CFilterChain))
#6 /var/www/kanban/www/framework/web/CController.php(291): CFilterChain->run()
#7 /var/www/kanban/www/framework/web/CController.php(265): CController->runActionWithFilters(Object(CInlineAction), Array)
#8 /var/www/kanban/www/framework/web/CWebApplication.php(282): CController->run('delete')
#9 /var/www/kanban/www/framework/web/CWebApplication.php(141): CWebApplication->runController('task/delete')
#10 /var/www/kanban/www/framework/base/CApplication.php(180): CWebApplication->processRequest()
#11 /var/www/kanban/www/index.php(13): CApplication->run()
#12 {main}
REQUEST_URI=/index.php?r=task/delete
---
2014/10/24 22:00:24 [error] [exception.CHttpException.400] exception 'CHttpException' with message 'Некорректный запрос.' in /var/www/kanban/www/framework/web/CController.php:1118
Stack trace:
#0 /var/www/kanban/www/framework/web/filters/CInlineFilter.php(58): CController->filterPostOnly(Object(CFilterChain))
#1 /var/www/kanban/www/framework/web/filters/CFilterChain.php(130): CInlineFilter->filter(Object(CFilterChain))
#2 /var/www/kanban/www/framework/web/filters/CFilter.php(40): CFilterChain->run()
#3 /var/www/kanban/www/framework/web/CController.php(1145): CFilter->filter(Object(CFilterChain))
#4 /var/www/kanban/www/framework/web/filters/CInlineFilter.php(58): CController->filterAccessControl(Object(CFilterChain))
#5 /var/www/kanban/www/framework/web/filters/CFilterChain.php(130): CInlineFilter->filter(Object(CFilterChain))
#6 /var/www/kanban/www/framework/web/CController.php(291): CFilterChain->run()
#7 /var/www/kanban/www/framework/web/CController.php(265): CController->runActionWithFilters(Object(CInlineAction), Array)
#8 /var/www/kanban/www/framework/web/CWebApplication.php(282): CController->run('delete')
#9 /var/www/kanban/www/framework/web/CWebApplication.php(141): CWebApplication->runController('task/delete')
#10 /var/www/kanban/www/framework/base/CApplication.php(180): CWebApplication->processRequest()
#11 /var/www/kanban/www/index.php(13): CApplication->run()
#12 {main}
REQUEST_URI=/index.php?r=task/delete&id=1
---
2014/10/24 22:01:39 [error] [exception.CHttpException.400] exception 'CHttpException' with message 'Некорректный запрос.' in /var/www/kanban/www/framework/web/CController.php:1118
Stack trace:
#0 /var/www/kanban/www/framework/web/filters/CInlineFilter.php(58): CController->filterPostOnly(Object(CFilterChain))
#1 /var/www/kanban/www/framework/web/filters/CFilterChain.php(130): CInlineFilter->filter(Object(CFilterChain))
#2 /var/www/kanban/www/framework/web/filters/CFilter.php(40): CFilterChain->run()
#3 /var/www/kanban/www/framework/web/CController.php(1145): CFilter->filter(Object(CFilterChain))
#4 /var/www/kanban/www/framework/web/filters/CInlineFilter.php(58): CController->filterAccessControl(Object(CFilterChain))
#5 /var/www/kanban/www/framework/web/filters/CFilterChain.php(130): CInlineFilter->filter(Object(CFilterChain))
#6 /var/www/kanban/www/framework/web/CController.php(291): CFilterChain->run()
#7 /var/www/kanban/www/framework/web/CController.php(265): CController->runActionWithFilters(Object(CInlineAction), Array)
#8 /var/www/kanban/www/framework/web/CWebApplication.php(282): CController->run('delete')
#9 /var/www/kanban/www/framework/web/CWebApplication.php(141): CWebApplication->runController('task/delete')
#10 /var/www/kanban/www/framework/base/CApplication.php(180): CWebApplication->processRequest()
#11 /var/www/kanban/www/index.php(13): CApplication->run()
#12 {main}
REQUEST_URI=/index.php?r=task/delete&id=1
---
2014/10/24 22:11:25 [error] [system.db.CDbCommand] Не удалось выполнить CDbCommand::execute(): SQLSTATE[23000]: Integrity constraint violation: 1452 Cannot add or update a child row: a foreign key constraint fails (`test`.`tbl_task_history`, CONSTRAINT `FK_tbl_task_history_old_category_id` FOREIGN KEY (`old_category_id`) REFERENCES `tbl_task_category` (`id`) ON DELETE NO ACTION ON UPDATE NO ACTION). Выполнявшийся SQL-запрос: INSERT INTO `tbl_task_history` (`new_category_id`, `old_category_id`, `task_id`, `time_insert`) VALUES (:yp0, :yp1, :yp2, :yp3).
in /var/www/kanban/www/protected/models/Task.php (132)
in /var/www/kanban/www/protected/models/Task.php (116)
in /var/www/kanban/www/protected/controllers/TaskController.php (100)
2014/10/24 22:11:25 [error] [exception.CDbException] exception 'CDbException' with message 'CDbCommand не удалось исполнить SQL-запрос: SQLSTATE[23000]: Integrity constraint violation: 1452 Cannot add or update a child row: a foreign key constraint fails (`test`.`tbl_task_history`, CONSTRAINT `FK_tbl_task_history_old_category_id` FOREIGN KEY (`old_category_id`) REFERENCES `tbl_task_category` (`id`) ON DELETE NO ACTION ON UPDATE NO ACTION). The SQL statement executed was: INSERT INTO `tbl_task_history` (`new_category_id`, `old_category_id`, `task_id`, `time_insert`) VALUES (:yp0, :yp1, :yp2, :yp3)' in /var/www/kanban/www/framework/db/CDbCommand.php:358
Stack trace:
#0 /var/www/kanban/www/framework/db/ar/CActiveRecord.php(1077): CDbCommand->execute()
#1 /var/www/kanban/www/framework/db/ar/CActiveRecord.php(806): CActiveRecord->insert(NULL)
#2 /var/www/kanban/www/protected/models/Task.php(132): CActiveRecord->save()
#3 /var/www/kanban/www/protected/models/Task.php(116): Task->detectedUpdateCategory()
#4 /var/www/kanban/www/framework/db/ar/CActiveRecord.php(1126): Task->afterSave()
#5 /var/www/kanban/www/framework/db/ar/CActiveRecord.php(806): CActiveRecord->update(NULL)
#6 /var/www/kanban/www/protected/controllers/TaskController.php(100): CActiveRecord->save()
#7 [internal function]: TaskController->actionUpdate('2')
#8 /var/www/kanban/www/framework/web/actions/CAction.php(108): ReflectionMethod->invokeArgs(Object(TaskController), Array)
#9 /var/www/kanban/www/framework/web/actions/CInlineAction.php(47): CAction->runWithParamsInternal(Object(TaskController), Object(ReflectionMethod), Array)
#10 /var/www/kanban/www/framework/web/CController.php(308): CInlineAction->runWithParams(Array)
#11 /var/www/kanban/www/framework/web/filters/CFilterChain.php(133): CController->runAction(Object(CInlineAction))
#12 /var/www/kanban/www/framework/web/filters/CFilter.php(40): CFilterChain->run()
#13 /var/www/kanban/www/framework/web/CController.php(1145): CFilter->filter(Object(CFilterChain))
#14 /var/www/kanban/www/framework/web/filters/CInlineFilter.php(58): CController->filterAccessControl(Object(CFilterChain))
#15 /var/www/kanban/www/framework/web/filters/CFilterChain.php(130): CInlineFilter->filter(Object(CFilterChain))
#16 /var/www/kanban/www/framework/web/CController.php(291): CFilterChain->run()
#17 /var/www/kanban/www/framework/web/CController.php(265): CController->runActionWithFilters(Object(CInlineAction), Array)
#18 /var/www/kanban/www/framework/web/CWebApplication.php(282): CController->run('update')
#19 /var/www/kanban/www/framework/web/CWebApplication.php(141): CWebApplication->runController('task/update')
#20 /var/www/kanban/www/framework/base/CApplication.php(180): CWebApplication->processRequest()
#21 /var/www/kanban/www/index.php(13): CApplication->run()
#22 {main}
REQUEST_URI=/index.php?r=task/update&id=2
HTTP_REFERER=http://kanban/index.php?r=task/update&id=2
---
2014/10/24 22:29:14 [error] [system.db.CDbCommand] CDbCommand::execute() failed: SQLSTATE[HY000]: General error: 1025 Error on rename of './test/tbl_task_history' to './test/#sql2-474-e4' (errno: 152). The SQL statement executed was: ALTER TABLE `tbl_task_history` DROP FOREIGN KEY `tbl_task_history_old_category_id`.
2014/10/24 22:29:14 [error] [exception.CDbException] exception 'CDbException' with message 'CDbCommand failed to execute the SQL statement: SQLSTATE[HY000]: General error: 1025 Error on rename of './test/tbl_task_history' to './test/#sql2-474-e4' (errno: 152). The SQL statement executed was: ALTER TABLE `tbl_task_history` DROP FOREIGN KEY `tbl_task_history_old_category_id`' in /var/www/kanban/www/framework/db/CDbCommand.php:358
Stack trace:
#0 /var/www/kanban/www/framework/db/CDbCommand.php(1447): CDbCommand->execute()
#1 /var/www/kanban/www/framework/db/CDbMigration.php(361): CDbCommand->dropForeignKey('tbl_task_histor...', 'tbl_task_histor...')
#2 /var/www/kanban/www/protected/migrations/m141024_182554_task.php(8): CDbMigration->dropForeignKey('tbl_task_histor...', 'tbl_task_histor...')
#3 /var/www/kanban/www/framework/cli/commands/MigrateCommand.php(385): m141024_182554_task->up()
#4 /var/www/kanban/www/framework/cli/commands/MigrateCommand.php(109): MigrateCommand->migrateUp('m141024_182554_...')
#5 [internal function]: MigrateCommand->actionUp(Array)
#6 /var/www/kanban/www/framework/console/CConsoleCommand.php(172): ReflectionMethod->invokeArgs(Object(MigrateCommand), Array)
#7 /var/www/kanban/www/framework/console/CConsoleCommandRunner.php(71): CConsoleCommand->run(Array)
#8 /var/www/kanban/www/framework/console/CConsoleApplication.php(92): CConsoleCommandRunner->run(Array)
#9 /var/www/kanban/www/framework/base/CApplication.php(180): CConsoleApplication->processRequest()
#10 /var/www/kanban/www/framework/yiic.php(33): CApplication->run()
#11 /var/www/kanban/www/protected/yiic.php(7): require_once('/var/www/kanban...')
#12 /var/www/kanban/www/protected/yiic(4): require_once('/var/www/kanban...')
#13 {main}
---
2014/10/25 19:42:05 [error] [system.db.CDbCommand] CDbCommand::execute() failed: SQLSTATE[HY000]: General error: 1025 Error on rename of './test/tbl_task_history' to './test/#sql2-450-52' (errno: 152). The SQL statement executed was: ALTER TABLE `tbl_task_history` DROP FOREIGN KEY `tbl_task_history_old_category_id`.
2014/10/25 19:42:05 [error] [exception.CDbException] exception 'CDbException' with message 'CDbCommand failed to execute the SQL statement: SQLSTATE[HY000]: General error: 1025 Error on rename of './test/tbl_task_history' to './test/#sql2-450-52' (errno: 152). The SQL statement executed was: ALTER TABLE `tbl_task_history` DROP FOREIGN KEY `tbl_task_history_old_category_id`' in /var/www/kanban/www/framework/db/CDbCommand.php:358
Stack trace:
#0 /var/www/kanban/www/framework/db/CDbCommand.php(1447): CDbCommand->execute()
#1 /var/www/kanban/www/framework/db/CDbMigration.php(361): CDbCommand->dropForeignKey('tbl_task_histor...', 'tbl_task_histor...')
#2 /var/www/kanban/www/protected/migrations/m141024_182554_task.php(8): CDbMigration->dropForeignKey('tbl_task_histor...', 'tbl_task_histor...')
#3 /var/www/kanban/www/framework/cli/commands/MigrateCommand.php(385): m141024_182554_task->up()
#4 /var/www/kanban/www/framework/cli/commands/MigrateCommand.php(109): MigrateCommand->migrateUp('m141024_182554_...')
#5 [internal function]: MigrateCommand->actionUp(Array)
#6 /var/www/kanban/www/framework/console/CConsoleCommand.php(172): ReflectionMethod->invokeArgs(Object(MigrateCommand), Array)
#7 /var/www/kanban/www/framework/console/CConsoleCommandRunner.php(71): CConsoleCommand->run(Array)
#8 /var/www/kanban/www/framework/console/CConsoleApplication.php(92): CConsoleCommandRunner->run(Array)
#9 /var/www/kanban/www/framework/base/CApplication.php(180): CConsoleApplication->processRequest()
#10 /var/www/kanban/www/framework/yiic.php(33): CApplication->run()
#11 /var/www/kanban/www/protected/yiic.php(7): require_once('/var/www/kanban...')
#12 /var/www/kanban/www/protected/yiic(4): require_once('/var/www/kanban...')
#13 {main}
---
2014/10/25 19:42:33 [error] [system.db.CDbCommand] CDbCommand::execute() failed: SQLSTATE[HY000]: General error: 1025 Error on rename of './test/tbl_task_history' to './test/#sql2-450-5d' (errno: 152). The SQL statement executed was: ALTER TABLE `tbl_task_history` DROP FOREIGN KEY `tbl_task_history_old_category_id`.
2014/10/25 19:42:33 [error] [exception.CDbException] exception 'CDbException' with message 'CDbCommand failed to execute the SQL statement: SQLSTATE[HY000]: General error: 1025 Error on rename of './test/tbl_task_history' to './test/#sql2-450-5d' (errno: 152). The SQL statement executed was: ALTER TABLE `tbl_task_history` DROP FOREIGN KEY `tbl_task_history_old_category_id`' in /var/www/kanban/www/framework/db/CDbCommand.php:358
Stack trace:
#0 /var/www/kanban/www/framework/db/CDbCommand.php(1447): CDbCommand->execute()
#1 /var/www/kanban/www/framework/db/CDbMigration.php(361): CDbCommand->dropForeignKey('tbl_task_histor...', 'tbl_task_histor...')
#2 /var/www/kanban/www/protected/migrations/m141024_182554_task.php(8): CDbMigration->dropForeignKey('tbl_task_histor...', 'tbl_task_histor...')
#3 /var/www/kanban/www/framework/cli/commands/MigrateCommand.php(385): m141024_182554_task->up()
#4 /var/www/kanban/www/framework/cli/commands/MigrateCommand.php(109): MigrateCommand->migrateUp('m141024_182554_...')
#5 [internal function]: MigrateCommand->actionUp(Array)
#6 /var/www/kanban/www/framework/console/CConsoleCommand.php(172): ReflectionMethod->invokeArgs(Object(MigrateCommand), Array)
#7 /var/www/kanban/www/framework/console/CConsoleCommandRunner.php(71): CConsoleCommand->run(Array)
#8 /var/www/kanban/www/framework/console/CConsoleApplication.php(92): CConsoleCommandRunner->run(Array)
#9 /var/www/kanban/www/framework/base/CApplication.php(180): CConsoleApplication->processRequest()
#10 /var/www/kanban/www/framework/yiic.php(33): CApplication->run()
#11 /var/www/kanban/www/protected/yiic.php(7): require_once('/var/www/kanban...')
#12 /var/www/kanban/www/protected/yiic(4): require_once('/var/www/kanban...')
#13 {main}
---
2014/10/25 19:47:29 [error] [system.db.CDbCommand] CDbCommand::fetchAll() failed: SQLSTATE[42S02]: Base table or view not found: 1146 Table 'test.tbl_migration' doesn't exist. The SQL statement executed was: SHOW FULL COLUMNS FROM `tbl_migration`.
2014/10/25 19:47:32 [error] [system.db.CDbCommand] CDbCommand::execute() failed: SQLSTATE[42S01]: Base table or view already exists: 1050 Table 'tbl_user' already exists. The SQL statement executed was: CREATE TABLE `tbl_user` (
	`id` int(11) NOT NULL AUTO_INCREMENT PRIMARY KEY,
	`name` varchar(255) NOT NULL,
	`login` varchar(255) NOT NULL,
	`password` varchar(255) NOT NULL
).
2014/10/25 19:47:32 [error] [exception.CDbException] exception 'CDbException' with message 'CDbCommand failed to execute the SQL statement: SQLSTATE[42S01]: Base table or view already exists: 1050 Table 'tbl_user' already exists. The SQL statement executed was: CREATE TABLE `tbl_user` (
	`id` int(11) NOT NULL AUTO_INCREMENT PRIMARY KEY,
	`name` varchar(255) NOT NULL,
	`login` varchar(255) NOT NULL,
	`password` varchar(255) NOT NULL
)' in /var/www/kanban/www/framework/db/CDbCommand.php:358
Stack trace:
#0 /var/www/kanban/www/framework/db/CDbCommand.php(1324): CDbCommand->execute()
#1 /var/www/kanban/www/framework/db/CDbMigration.php(233): CDbCommand->createTable('tbl_user', Array, NULL)
#2 /var/www/kanban/www/protected/migrations/m141018_121129_core.php(12): CDbMigration->createTable('tbl_user', Array)
#3 /var/www/kanban/www/framework/cli/commands/MigrateCommand.php(385): m141018_121129_core->up()
#4 /var/www/kanban/www/framework/cli/commands/MigrateCommand.php(109): MigrateCommand->migrateUp('m141018_121129_...')
#5 [internal function]: MigrateCommand->actionUp(Array)
#6 /var/www/kanban/www/framework/console/CConsoleCommand.php(172): ReflectionMethod->invokeArgs(Object(MigrateCommand), Array)
#7 /var/www/kanban/www/framework/console/CConsoleCommandRunner.php(71): CConsoleCommand->run(Array)
#8 /var/www/kanban/www/framework/console/CConsoleApplication.php(92): CConsoleCommandRunner->run(Array)
#9 /var/www/kanban/www/framework/base/CApplication.php(180): CConsoleApplication->processRequest()
#10 /var/www/kanban/www/framework/yiic.php(33): CApplication->run()
#11 /var/www/kanban/www/protected/yiic.php(7): require_once('/var/www/kanban...')
#12 /var/www/kanban/www/protected/yiic(4): require_once('/var/www/kanban...')
#13 {main}
---
2014/10/25 19:48:46 [error] [system.db.CDbCommand] CDbCommand::execute() failed: SQLSTATE[42000]: Syntax error or access violation: 1072 Key column 'old_category_id' doesn't exist in table. The SQL statement executed was: ALTER TABLE `tbl_task_history` ADD CONSTRAINT `FK_tbl_task_history_old_category_id` FOREIGN KEY (`old_category_id`) REFERENCES `tbl_task_category` (`id`) ON DELETE NO ACTION ON UPDATE NO ACTION.
2014/10/25 19:48:46 [error] [exception.CDbException] exception 'CDbException' with message 'CDbCommand failed to execute the SQL statement: SQLSTATE[42000]: Syntax error or access violation: 1072 Key column 'old_category_id' doesn't exist in table. The SQL statement executed was: ALTER TABLE `tbl_task_history` ADD CONSTRAINT `FK_tbl_task_history_old_category_id` FOREIGN KEY (`old_category_id`) REFERENCES `tbl_task_category` (`id`) ON DELETE NO ACTION ON UPDATE NO ACTION' in /var/www/kanban/www/framework/db/CDbCommand.php:358
Stack trace:
#0 /var/www/kanban/www/framework/db/CDbCommand.php(1435): CDbCommand->execute()
#1 /var/www/kanban/www/framework/db/CDbMigration.php(348): CDbCommand->addForeignKey('FK_tbl_task_his...', 'tbl_task_histor...', 'old_category_id', 'tbl_task_catego...', 'id', 'NO ACTION', 'NO ACTION')
#2 /var/www/kanban/www/protected/migrations/m141018_121129_core.php(93): CDbMigration->addForeignKey('FK_tbl_task_his...', 'tbl_task_histor...', 'old_category_id', 'tbl_task_catego...', 'id', 'NO ACTION', 'NO ACTION')
#3 /var/www/kanban/www/framework/cli/commands/MigrateCommand.php(385): m141018_121129_core->up()
#4 /var/www/kanban/www/framework/cli/commands/MigrateCommand.php(109): MigrateCommand->migrateUp('m141018_121129_...')
#5 [internal function]: MigrateCommand->actionUp(Array)
#6 /var/www/kanban/www/framework/console/CConsoleCommand.php(172): ReflectionMethod->invokeArgs(Object(MigrateCommand), Array)
#7 /var/www/kanban/www/framework/console/CConsoleCommandRunner.php(71): CConsoleCommand->run(Array)
#8 /var/www/kanban/www/framework/console/CConsoleApplication.php(92): CConsoleCommandRunner->run(Array)
#9 /var/www/kanban/www/framework/base/CApplication.php(180): CConsoleApplication->processRequest()
#10 /var/www/kanban/www/framework/yiic.php(33): CApplication->run()
#11 /var/www/kanban/www/protected/yiic.php(7): require_once('/var/www/kanban...')
#12 /var/www/kanban/www/protected/yiic(4): require_once('/var/www/kanban...')
#13 {main}
---
2014/10/25 19:49:15 [error] [system.db.CDbCommand] CDbCommand::execute() failed: SQLSTATE[42S01]: Base table or view already exists: 1050 Table 'tbl_user' already exists. The SQL statement executed was: CREATE TABLE `tbl_user` (
	`id` int(11) NOT NULL AUTO_INCREMENT PRIMARY KEY,
	`name` varchar(255) NOT NULL,
	`login` varchar(255) NOT NULL,
	`password` varchar(255) NOT NULL
).
2014/10/25 19:49:15 [error] [exception.CDbException] exception 'CDbException' with message 'CDbCommand failed to execute the SQL statement: SQLSTATE[42S01]: Base table or view already exists: 1050 Table 'tbl_user' already exists. The SQL statement executed was: CREATE TABLE `tbl_user` (
	`id` int(11) NOT NULL AUTO_INCREMENT PRIMARY KEY,
	`name` varchar(255) NOT NULL,
	`login` varchar(255) NOT NULL,
	`password` varchar(255) NOT NULL
)' in /var/www/kanban/www/framework/db/CDbCommand.php:358
Stack trace:
#0 /var/www/kanban/www/framework/db/CDbCommand.php(1324): CDbCommand->execute()
#1 /var/www/kanban/www/framework/db/CDbMigration.php(233): CDbCommand->createTable('tbl_user', Array, NULL)
#2 /var/www/kanban/www/protected/migrations/m141018_121129_core.php(12): CDbMigration->createTable('tbl_user', Array)
#3 /var/www/kanban/www/framework/cli/commands/MigrateCommand.php(385): m141018_121129_core->up()
#4 /var/www/kanban/www/framework/cli/commands/MigrateCommand.php(109): MigrateCommand->migrateUp('m141018_121129_...')
#5 [internal function]: MigrateCommand->actionUp(Array)
#6 /var/www/kanban/www/framework/console/CConsoleCommand.php(172): ReflectionMethod->invokeArgs(Object(MigrateCommand), Array)
#7 /var/www/kanban/www/framework/console/CConsoleCommandRunner.php(71): CConsoleCommand->run(Array)
#8 /var/www/kanban/www/framework/console/CConsoleApplication.php(92): CConsoleCommandRunner->run(Array)
#9 /var/www/kanban/www/framework/base/CApplication.php(180): CConsoleApplication->processRequest()
#10 /var/www/kanban/www/framework/yiic.php(33): CApplication->run()
#11 /var/www/kanban/www/protected/yiic.php(7): require_once('/var/www/kanban...')
#12 /var/www/kanban/www/protected/yiic(4): require_once('/var/www/kanban...')
#13 {main}
---
2014/10/25 19:50:42 [error] [system.db.CDbCommand] CDbCommand::fetchAll() failed: SQLSTATE[42S02]: Base table or view not found: 1146 Table 'test.tbl_migration' doesn't exist. The SQL statement executed was: SHOW FULL COLUMNS FROM `tbl_migration`.
2014/10/25 19:51:30 [error] [exception.CHttpException.404] exception 'CHttpException' with message 'The requested page does not exist.' in /var/www/kanban/www/protected/controllers/TaskController.php:161
Stack trace:
#0 /var/www/kanban/www/protected/controllers/TaskController.php(92): TaskController->loadModel('6')
#1 [internal function]: TaskController->actionUpdate('6')
#2 /var/www/kanban/www/framework/web/actions/CAction.php(108): ReflectionMethod->invokeArgs(Object(TaskController), Array)
#3 /var/www/kanban/www/framework/web/actions/CInlineAction.php(47): CAction->runWithParamsInternal(Object(TaskController), Object(ReflectionMethod), Array)
#4 /var/www/kanban/www/framework/web/CController.php(308): CInlineAction->runWithParams(Array)
#5 /var/www/kanban/www/framework/web/filters/CFilterChain.php(133): CController->runAction(Object(CInlineAction))
#6 /var/www/kanban/www/framework/web/filters/CFilter.php(40): CFilterChain->run()
#7 /var/www/kanban/www/framework/web/CController.php(1145): CFilter->filter(Object(CFilterChain))
#8 /var/www/kanban/www/framework/web/filters/CInlineFilter.php(58): CController->filterAccessControl(Object(CFilterChain))
#9 /var/www/kanban/www/framework/web/filters/CFilterChain.php(130): CInlineFilter->filter(Object(CFilterChain))
#10 /var/www/kanban/www/framework/web/CController.php(291): CFilterChain->run()
#11 /var/www/kanban/www/framework/web/CController.php(265): CController->runActionWithFilters(Object(CInlineAction), Array)
#12 /var/www/kanban/www/framework/web/CWebApplication.php(282): CController->run('update')
#13 /var/www/kanban/www/framework/web/CWebApplication.php(141): CWebApplication->runController('task/update')
#14 /var/www/kanban/www/framework/base/CApplication.php(180): CWebApplication->processRequest()
#15 /var/www/kanban/www/index.php(13): CApplication->run()
#16 {main}
REQUEST_URI=/index.php?r=task/update&id=6
HTTP_REFERER=http://kanban/index.php?r=project/view&id=4
---
2014/10/25 19:51:32 [error] [exception.CHttpException.404] exception 'CHttpException' with message 'The requested page does not exist.' in /var/www/kanban/www/protected/controllers/TaskController.php:161
Stack trace:
#0 /var/www/kanban/www/protected/controllers/TaskController.php(92): TaskController->loadModel('6')
#1 [internal function]: TaskController->actionUpdate('6')
#2 /var/www/kanban/www/framework/web/actions/CAction.php(108): ReflectionMethod->invokeArgs(Object(TaskController), Array)
#3 /var/www/kanban/www/framework/web/actions/CInlineAction.php(47): CAction->runWithParamsInternal(Object(TaskController), Object(ReflectionMethod), Array)
#4 /var/www/kanban/www/framework/web/CController.php(308): CInlineAction->runWithParams(Array)
#5 /var/www/kanban/www/framework/web/filters/CFilterChain.php(133): CController->runAction(Object(CInlineAction))
#6 /var/www/kanban/www/framework/web/filters/CFilter.php(40): CFilterChain->run()
#7 /var/www/kanban/www/framework/web/CController.php(1145): CFilter->filter(Object(CFilterChain))
#8 /var/www/kanban/www/framework/web/filters/CInlineFilter.php(58): CController->filterAccessControl(Object(CFilterChain))
#9 /var/www/kanban/www/framework/web/filters/CFilterChain.php(130): CInlineFilter->filter(Object(CFilterChain))
#10 /var/www/kanban/www/framework/web/CController.php(291): CFilterChain->run()
#11 /var/www/kanban/www/framework/web/CController.php(265): CController->runActionWithFilters(Object(CInlineAction), Array)
#12 /var/www/kanban/www/framework/web/CWebApplication.php(282): CController->run('update')
#13 /var/www/kanban/www/framework/web/CWebApplication.php(141): CWebApplication->runController('task/update')
#14 /var/www/kanban/www/framework/base/CApplication.php(180): CWebApplication->processRequest()
#15 /var/www/kanban/www/index.php(13): CApplication->run()
#16 {main}
REQUEST_URI=/index.php?r=task/update&id=6
HTTP_REFERER=http://kanban/index.php?r=project/view&id=4
---
2014/10/25 19:57:02 [error] [php] include(description.php): failed to open stream: No such file or directory (/var/www/kanban/www/framework/YiiBase.php:427)
Stack trace:
#0 /var/www/kanban/www/framework/validators/CValidator.php(186): import()
#1 /var/www/kanban/www/framework/base/CModel.php(287): createValidator()
#2 /var/www/kanban/www/framework/base/CModel.php(260): Task->createValidators()
#3 /var/www/kanban/www/framework/base/CModel.php(304): Task->getValidators()
#4 /var/www/kanban/www/framework/web/helpers/CHtml.php(1414): Task->isAttributeRequired()
#5 /var/www/kanban/www/framework/web/widgets/CActiveForm.php(597): activeLabelEx()
#6 /var/www/kanban/www/protected/views/task/_form.php(38): CActiveForm->labelEx()
#7 /var/www/kanban/www/framework/web/CBaseController.php(126): require()
#8 /var/www/kanban/www/framework/web/CBaseController.php(95): TaskController->renderInternal()
#9 /var/www/kanban/www/framework/web/CController.php(869): TaskController->renderFile()
#10 /var/www/kanban/www/protected/views/task/create.php(18): TaskController->renderPartial()
#11 /var/www/kanban/www/framework/web/CBaseController.php(126): require()
#12 /var/www/kanban/www/framework/web/CBaseController.php(95): TaskController->renderInternal()
#13 /var/www/kanban/www/framework/web/CController.php(869): TaskController->renderFile()
#14 /var/www/kanban/www/framework/web/CController.php(782): TaskController->renderPartial()
#15 /var/www/kanban/www/protected/controllers/TaskController.php(82): TaskController->render()
#16 unknown(0): TaskController->actionCreate()
#17 /var/www/kanban/www/framework/web/actions/CAction.php(108): ReflectionMethod->invokeArgs()
#18 /var/www/kanban/www/framework/web/actions/CInlineAction.php(47): CInlineAction->runWithParamsInternal()
#19 /var/www/kanban/www/framework/web/CController.php(308): CInlineAction->runWithParams()
#20 /var/www/kanban/www/framework/web/filters/CFilterChain.php(133): TaskController->runAction()
#21 /var/www/kanban/www/framework/web/filters/CFilter.php(40): CFilterChain->run()
#22 /var/www/kanban/www/framework/web/CController.php(1145): CAccessControlFilter->filter()
#23 /var/www/kanban/www/framework/web/filters/CInlineFilter.php(58): TaskController->filterAccessControl()
#24 /var/www/kanban/www/framework/web/filters/CFilterChain.php(130): CInlineFilter->filter()
#25 /var/www/kanban/www/framework/web/CController.php(291): CFilterChain->run()
#26 /var/www/kanban/www/framework/web/CController.php(265): TaskController->runActionWithFilters()
#27 /var/www/kanban/www/framework/web/CWebApplication.php(282): TaskController->run()
#28 /var/www/kanban/www/framework/web/CWebApplication.php(141): CWebApplication->runController()
#29 /var/www/kanban/www/framework/base/CApplication.php(180): CWebApplication->processRequest()
#30 /var/www/kanban/www/index.php(13): CWebApplication->run()
REQUEST_URI=/index.php?r=task/create&categoryId=1
in /var/www/kanban/www/protected/views/task/_form.php (38)
in /var/www/kanban/www/protected/views/task/create.php (18)
in /var/www/kanban/www/protected/controllers/TaskController.php (82)
2014/10/25 20:05:28 [warning] [application] Не удалось присвоить небезопасный атрибут "description" класса "Task".
in /var/www/kanban/www/protected/controllers/TaskController.php (74)
in /var/www/kanban/www/index.php (13)
2014/10/25 20:05:28 [error] [exception.CException] exception 'CException' with message 'Не определено свойство "Task.name".' in /var/www/kanban/www/framework/base/CComponent.php:130
Stack trace:
#0 /var/www/kanban/www/framework/db/ar/CActiveRecord.php(145): CComponent->__get('name')
#1 /var/www/kanban/www/framework/validators/CRequiredValidator.php(58): CActiveRecord->__get('name')
#2 /var/www/kanban/www/framework/validators/CValidator.php(213): CRequiredValidator->validateAttribute(Object(Task), 'name')
#3 /var/www/kanban/www/framework/base/CModel.php(159): CValidator->validate(Object(Task), NULL)
#4 /var/www/kanban/www/framework/db/ar/CActiveRecord.php(805): CModel->validate(NULL)
#5 /var/www/kanban/www/protected/controllers/TaskController.php(75): CActiveRecord->save()
#6 [internal function]: TaskController->actionCreate('1')
#7 /var/www/kanban/www/framework/web/actions/CAction.php(108): ReflectionMethod->invokeArgs(Object(TaskController), Array)
#8 /var/www/kanban/www/framework/web/actions/CInlineAction.php(47): CAction->runWithParamsInternal(Object(TaskController), Object(ReflectionMethod), Array)
#9 /var/www/kanban/www/framework/web/CController.php(308): CInlineAction->runWithParams(Array)
#10 /var/www/kanban/www/framework/web/filters/CFilterChain.php(133): CController->runAction(Object(CInlineAction))
#11 /var/www/kanban/www/framework/web/filters/CFilter.php(40): CFilterChain->run()
#12 /var/www/kanban/www/framework/web/CController.php(1145): CFilter->filter(Object(CFilterChain))
#13 /var/www/kanban/www/framework/web/filters/CInlineFilter.php(58): CController->filterAccessControl(Object(CFilterChain))
#14 /var/www/kanban/www/framework/web/filters/CFilterChain.php(130): CInlineFilter->filter(Object(CFilterChain))
#15 /var/www/kanban/www/framework/web/CController.php(291): CFilterChain->run()
#16 /var/www/kanban/www/framework/web/CController.php(265): CController->runActionWithFilters(Object(CInlineAction), Array)
#17 /var/www/kanban/www/framework/web/CWebApplication.php(282): CController->run('create')
#18 /var/www/kanban/www/framework/web/CWebApplication.php(141): CWebApplication->runController('task/create')
#19 /var/www/kanban/www/framework/base/CApplication.php(180): CWebApplication->processRequest()
#20 /var/www/kanban/www/index.php(13): CApplication->run()
#21 {main}
REQUEST_URI=/index.php?r=task/create&categoryId=1
HTTP_REFERER=http://kanban/index.php?r=task/create&categoryId=1
---
2014/10/25 20:27:56 [error] [exception.CHttpException.404] exception 'CHttpException' with message 'The requested page does not exist.' in /var/www/kanban/www/protected/controllers/ProjectController.php:157
Stack trace:
#0 /var/www/kanban/www/protected/controllers/ProjectController.php(55): ProjectController->loadModel('4')
#1 [internal function]: ProjectController->actionView('4')
#2 /var/www/kanban/www/framework/web/actions/CAction.php(108): ReflectionMethod->invokeArgs(Object(ProjectController), Array)
#3 /var/www/kanban/www/framework/web/actions/CInlineAction.php(47): CAction->runWithParamsInternal(Object(ProjectController), Object(ReflectionMethod), Array)
#4 /var/www/kanban/www/framework/web/CController.php(308): CInlineAction->runWithParams(Array)
#5 /var/www/kanban/www/framework/web/filters/CFilterChain.php(133): CController->runAction(Object(CInlineAction))
#6 /var/www/kanban/www/framework/web/filters/CFilter.php(40): CFilterChain->run()
#7 /var/www/kanban/www/framework/web/CController.php(1145): CFilter->filter(Object(CFilterChain))
#8 /var/www/kanban/www/framework/web/filters/CInlineFilter.php(58): CController->filterAccessControl(Object(CFilterChain))
#9 /var/www/kanban/www/framework/web/filters/CFilterChain.php(130): CInlineFilter->filter(Object(CFilterChain))
#10 /var/www/kanban/www/framework/web/CController.php(291): CFilterChain->run()
#11 /var/www/kanban/www/framework/web/CController.php(265): CController->runActionWithFilters(Object(CInlineAction), Array)
#12 /var/www/kanban/www/framework/web/CWebApplication.php(282): CController->run('view')
#13 /var/www/kanban/www/framework/web/CWebApplication.php(141): CWebApplication->runController('project/view')
#14 /var/www/kanban/www/framework/base/CApplication.php(180): CWebApplication->processRequest()
#15 /var/www/kanban/www/index.php(13): CApplication->run()
#16 {main}
REQUEST_URI=/index.php?r=project/view&id=4
HTTP_REFERER=http://kanban/index.php?r=task/update&id=3
---
2014/10/28 23:10:23 [error] [php] Illegal offset type in isset or empty (/var/www/kanban/www/framework/i18n/CMessageSource.php:104)
Stack trace:
#0 /var/www/kanban/www/protected/views/task/view.php(35): t()
#1 /var/www/kanban/www/framework/web/CBaseController.php(126): require()
#2 /var/www/kanban/www/framework/web/CBaseController.php(95): TaskController->renderInternal()
#3 /var/www/kanban/www/framework/web/CController.php(869): TaskController->renderFile()
#4 /var/www/kanban/www/framework/web/CController.php(782): TaskController->renderPartial()
#5 /var/www/kanban/www/protected/controllers/TaskController.php(56): TaskController->render()
#6 unknown(0): TaskController->actionView()
#7 /var/www/kanban/www/framework/web/actions/CAction.php(108): ReflectionMethod->invokeArgs()
#8 /var/www/kanban/www/framework/web/actions/CInlineAction.php(47): CInlineAction->runWithParamsInternal()
#9 /var/www/kanban/www/framework/web/CController.php(308): CInlineAction->runWithParams()
#10 /var/www/kanban/www/framework/web/filters/CFilterChain.php(133): TaskController->runAction()
#11 /var/www/kanban/www/framework/web/filters/CFilter.php(40): CFilterChain->run()
#12 /var/www/kanban/www/framework/web/CController.php(1145): CAccessControlFilter->filter()
#13 /var/www/kanban/www/framework/web/filters/CInlineFilter.php(58): TaskController->filterAccessControl()
#14 /var/www/kanban/www/framework/web/filters/CFilterChain.php(130): CInlineFilter->filter()
#15 /var/www/kanban/www/framework/web/CController.php(291): CFilterChain->run()
#16 /var/www/kanban/www/framework/web/CController.php(265): TaskController->runActionWithFilters()
#17 /var/www/kanban/www/framework/web/CWebApplication.php(282): TaskController->run()
#18 /var/www/kanban/www/framework/web/CWebApplication.php(141): CWebApplication->runController()
#19 /var/www/kanban/www/framework/base/CApplication.php(180): CWebApplication->processRequest()
#20 /var/www/kanban/www/index.php(13): CWebApplication->run()
REQUEST_URI=/index.php?r=task/view&id=7
in /var/www/kanban/www/protected/views/task/view.php (35)
in /var/www/kanban/www/protected/controllers/TaskController.php (56)
in /var/www/kanban/www/index.php (13)
2014/10/31 00:53:26 [error] [php] Invalid argument supplied for foreach() (/var/www/kanban/www/framework/zii/widgets/jui/CJuiSortable.php:82)
Stack trace:
#0 /var/www/kanban/www/framework/web/CBaseController.php(126): require()
#1 /var/www/kanban/www/framework/web/CBaseController.php(95): ProjectController->renderInternal()
#2 /var/www/kanban/www/framework/web/CController.php(869): ProjectController->renderFile()
#3 /var/www/kanban/www/framework/web/CController.php(782): ProjectController->renderPartial()
#4 /var/www/kanban/www/protected/controllers/ProjectController.php(57): ProjectController->render()
#5 unknown(0): ProjectController->actionView()
#6 /var/www/kanban/www/framework/web/actions/CAction.php(108): ReflectionMethod->invokeArgs()
#7 /var/www/kanban/www/framework/web/actions/CInlineAction.php(47): CInlineAction->runWithParamsInternal()
#8 /var/www/kanban/www/framework/web/CController.php(308): CInlineAction->runWithParams()
#9 /var/www/kanban/www/framework/web/filters/CFilterChain.php(133): ProjectController->runAction()
#10 /var/www/kanban/www/framework/web/filters/CFilter.php(40): CFilterChain->run()
#11 /var/www/kanban/www/framework/web/CController.php(1145): CAccessControlFilter->filter()
#12 /var/www/kanban/www/framework/web/filters/CInlineFilter.php(58): ProjectController->filterAccessControl()
#13 /var/www/kanban/www/framework/web/filters/CFilterChain.php(130): CInlineFilter->filter()
#14 /var/www/kanban/www/framework/web/CController.php(291): CFilterChain->run()
#15 /var/www/kanban/www/framework/web/CController.php(265): ProjectController->runActionWithFilters()
#16 /var/www/kanban/www/framework/web/CWebApplication.php(282): ProjectController->run()
#17 /var/www/kanban/www/framework/web/CWebApplication.php(141): CWebApplication->runController()
#18 /var/www/kanban/www/framework/base/CApplication.php(180): CWebApplication->processRequest()
#19 /var/www/kanban/www/index.php(13): CWebApplication->run()
REQUEST_URI=/index.php?r=project/view&id=1
in /var/www/kanban/www/protected/views/project/view.php (85)
in /var/www/kanban/www/protected/controllers/ProjectController.php (57)
in /var/www/kanban/www/index.php (13)
